Job ID: 678297
Job User: zkoch
Num Cores: 32
Array Job ID: 678297
CUDA_VISIBLE_DEVICES: 
Registered S3 method overwritten by 'zellkonverter':
  method                from      
  py_to_r.numpy.ndarray reticulate

Attaching package: ‘dplyr’

The following objects are masked from ‘package:stats’:

    filter, lag

The following objects are masked from ‘package:base’:

    intersect, setdiff, setequal, union

Renaming the first element in assays(Data) to 'counts'
Warning messages:
1: In asMethod(object) :
  sparse->dense coercion: allocating vector of size 19.0 GiB
2: The `guide` argument in `scale_*()` cannot be `FALSE`. This was deprecated in
ggplot2 3.3.4.
ℹ Please use "none" instead.
ℹ The deprecated feature was likely used in the SCnorm package.
  Please report the issue at <https://github.com/rhondabacher/SCnorm/issues>. 
Error in (function (..., row.names = NULL, check.rows = FALSE, check.names = TRUE,  : 
  arguments imply differing number of rows: 8352, 10082, 5843, 7641, 5716, 5356, 7971, 9299, 6136, 8080, 5454, 9950, 9538, 5487, 8751, 7987, 8368, 7102, 8949, 8132, 5583, 7080, 8937
Calls: as.data.frame -> as.data.frame.list -> do.call -> <Anonymous>
Execution halted
srun: error: nrnb-cn-07: task 0: Exited with exit code 1
